CRITICAL - 2022-06-10 03:14:10 --> Invalid file: busqueda.php
#0 C:\xampp\htdocs\B4die\system\View\View.php(198): CodeIgniter\Exceptions\FrameworkException::forInvalidFile('busqueda.php')
#1 C:\xampp\htdocs\B4die\system\Common.php(1089): CodeIgniter\View\View->render('busqueda', Array, true)
#2 C:\xampp\htdocs\B4die\app\Controllers\Index.php(146): view('busqueda', Array)
#3 C:\xampp\htdocs\B4die\system\CodeIgniter.php(832): App\Controllers\Index->buscador()
#4 C:\xampp\htdocs\B4die\system\CodeIgniter.php(419): CodeIgniter\CodeIgniter->runController(Object(App\Controllers\Index))
#5 C:\xampp\htdocs\B4die\system\CodeIgniter.php(326): CodeIgniter\CodeIgniter->handleRequest(NULL, Object(Config\Cache), false)
#6 C:\xampp\htdocs\B4die\public\index.php(37): CodeIgniter\CodeIgniter->run()
#7 {main}
CRITICAL - 2022-06-10 03:15:18 --> Invalid file: busqueda.php
#0 C:\xampp\htdocs\B4die\system\View\View.php(198): CodeIgniter\Exceptions\FrameworkException::forInvalidFile('busqueda.php')
#1 C:\xampp\htdocs\B4die\system\Common.php(1089): CodeIgniter\View\View->render('busqueda', Array, true)
#2 C:\xampp\htdocs\B4die\app\Controllers\Index.php(146): view('busqueda', Array)
#3 C:\xampp\htdocs\B4die\system\CodeIgniter.php(832): App\Controllers\Index->buscador()
#4 C:\xampp\htdocs\B4die\system\CodeIgniter.php(419): CodeIgniter\CodeIgniter->runController(Object(App\Controllers\Index))
#5 C:\xampp\htdocs\B4die\system\CodeIgniter.php(326): CodeIgniter\CodeIgniter->handleRequest(NULL, Object(Config\Cache), false)
#6 C:\xampp\htdocs\B4die\public\index.php(37): CodeIgniter\CodeIgniter->run()
#7 {main}
CRITICAL - 2022-06-10 03:39:12 --> syntax error, unexpected '}', expecting ';' or ','
#0 C:\xampp\htdocs\B4die\system\View\View.php(213): CodeIgniter\View\View->CodeIgniter\View\{closure}()
#1 C:\xampp\htdocs\B4die\system\Common.php(1089): CodeIgniter\View\View->render('buscador', Array, true)
#2 C:\xampp\htdocs\B4die\app\Controllers\Index.php(146): view('buscador', Array)
#3 C:\xampp\htdocs\B4die\system\CodeIgniter.php(832): App\Controllers\Index->buscador()
#4 C:\xampp\htdocs\B4die\system\CodeIgniter.php(419): CodeIgniter\CodeIgniter->runController(Object(App\Controllers\Index))
#5 C:\xampp\htdocs\B4die\system\CodeIgniter.php(326): CodeIgniter\CodeIgniter->handleRequest(NULL, Object(Config\Cache), false)
#6 C:\xampp\htdocs\B4die\public\index.php(37): CodeIgniter\CodeIgniter->run()
#7 {main}
CRITICAL - 2022-06-10 06:05:28 --> Cannot use empty array elements in arrays
#0 [internal function]: CodeIgniter\Debug\Exceptions->shutdownHandler()
#1 {main}
CRITICAL - 2022-06-10 06:06:34 --> Cannot use empty array elements in arrays
#0 [internal function]: CodeIgniter\Debug\Exceptions->shutdownHandler()
#1 {main}
CRITICAL - 2022-06-10 06:09:47 --> Cannot use empty array elements in arrays
#0 [internal function]: CodeIgniter\Debug\Exceptions->shutdownHandler()
#1 {main}
