CRITICAL - 2022-06-06 08:26:25 --> Undefined variable: top
#0 C:\xampp\htdocs\B4die\app\Views\ranking.php(151): CodeIgniter\Debug\Exceptions->errorHandler(8, 'Undefined varia...', 'C:\\xampp\\htdocs...', 151, Array)
#1 C:\xampp\htdocs\B4die\system\View\View.php(210): include('C:\\xampp\\htdocs...')
#2 C:\xampp\htdocs\B4die\system\View\View.php(213): CodeIgniter\View\View->CodeIgniter\View\{closure}()
#3 C:\xampp\htdocs\B4die\system\Common.php(1089): CodeIgniter\View\View->render('ranking', Array, true)
#4 C:\xampp\htdocs\B4die\app\Controllers\Index.php(40): view('ranking', Array)
#5 C:\xampp\htdocs\B4die\system\CodeIgniter.php(832): App\Controllers\Index->ranking()
#6 C:\xampp\htdocs\B4die\system\CodeIgniter.php(419): CodeIgniter\CodeIgniter->runController(Object(App\Controllers\Index))
#7 C:\xampp\htdocs\B4die\system\CodeIgniter.php(326): CodeIgniter\CodeIgniter->handleRequest(NULL, Object(Config\Cache), false)
#8 C:\xampp\htdocs\B4die\public\index.php(37): CodeIgniter\CodeIgniter->run()
#9 {main}
CRITICAL - 2022-06-06 08:26:31 --> Undefined variable: top
#0 C:\xampp\htdocs\B4die\app\Views\ranking.php(151): CodeIgniter\Debug\Exceptions->errorHandler(8, 'Undefined varia...', 'C:\\xampp\\htdocs...', 151, Array)
#1 C:\xampp\htdocs\B4die\system\View\View.php(210): include('C:\\xampp\\htdocs...')
#2 C:\xampp\htdocs\B4die\system\View\View.php(213): CodeIgniter\View\View->CodeIgniter\View\{closure}()
#3 C:\xampp\htdocs\B4die\system\Common.php(1089): CodeIgniter\View\View->render('ranking', Array, true)
#4 C:\xampp\htdocs\B4die\app\Controllers\Index.php(40): view('ranking', Array)
#5 C:\xampp\htdocs\B4die\system\CodeIgniter.php(832): App\Controllers\Index->ranking()
#6 C:\xampp\htdocs\B4die\system\CodeIgniter.php(419): CodeIgniter\CodeIgniter->runController(Object(App\Controllers\Index))
#7 C:\xampp\htdocs\B4die\system\CodeIgniter.php(326): CodeIgniter\CodeIgniter->handleRequest(NULL, Object(Config\Cache), false)
#8 C:\xampp\htdocs\B4die\public\index.php(37): CodeIgniter\CodeIgniter->run()
#9 {main}
CRITICAL - 2022-06-06 08:57:37 --> Undefined index: tipo_img
#0 C:\xampp\htdocs\B4die\app\Views\experiencia.php(152): CodeIgniter\Debug\Exceptions->errorHandler(8, 'Undefined index...', 'C:\\xampp\\htdocs...', 152, Array)
#1 C:\xampp\htdocs\B4die\system\View\View.php(210): include('C:\\xampp\\htdocs...')
#2 C:\xampp\htdocs\B4die\system\View\View.php(213): CodeIgniter\View\View->CodeIgniter\View\{closure}()
#3 C:\xampp\htdocs\B4die\system\Common.php(1089): CodeIgniter\View\View->render('experiencia', Array, true)
#4 C:\xampp\htdocs\B4die\app\Controllers\Index.php(70): view('experiencia', Array)
#5 C:\xampp\htdocs\B4die\system\CodeIgniter.php(832): App\Controllers\Index->experiencia()
#6 C:\xampp\htdocs\B4die\system\CodeIgniter.php(419): CodeIgniter\CodeIgniter->runController(Object(App\Controllers\Index))
#7 C:\xampp\htdocs\B4die\system\CodeIgniter.php(326): CodeIgniter\CodeIgniter->handleRequest(NULL, Object(Config\Cache), false)
#8 C:\xampp\htdocs\B4die\public\index.php(37): CodeIgniter\CodeIgniter->run()
#9 {main}
CRITICAL - 2022-06-06 09:12:55 --> Undefined index: tipo_img
#0 C:\xampp\htdocs\B4die\app\Views\experiencia.php(152): CodeIgniter\Debug\Exceptions->errorHandler(8, 'Undefined index...', 'C:\\xampp\\htdocs...', 152, Array)
#1 C:\xampp\htdocs\B4die\system\View\View.php(210): include('C:\\xampp\\htdocs...')
#2 C:\xampp\htdocs\B4die\system\View\View.php(213): CodeIgniter\View\View->CodeIgniter\View\{closure}()
#3 C:\xampp\htdocs\B4die\system\Common.php(1089): CodeIgniter\View\View->render('experiencia', Array, true)
#4 C:\xampp\htdocs\B4die\app\Controllers\Index.php(70): view('experiencia', Array)
#5 C:\xampp\htdocs\B4die\system\CodeIgniter.php(832): App\Controllers\Index->experiencia()
#6 C:\xampp\htdocs\B4die\system\CodeIgniter.php(419): CodeIgniter\CodeIgniter->runController(Object(App\Controllers\Index))
#7 C:\xampp\htdocs\B4die\system\CodeIgniter.php(326): CodeIgniter\CodeIgniter->handleRequest(NULL, Object(Config\Cache), false)
#8 C:\xampp\htdocs\B4die\public\index.php(37): CodeIgniter\CodeIgniter->run()
#9 {main}
CRITICAL - 2022-06-06 09:13:55 --> Undefined index: tipo_img
#0 C:\xampp\htdocs\B4die\app\Views\experiencia.php(152): CodeIgniter\Debug\Exceptions->errorHandler(8, 'Undefined index...', 'C:\\xampp\\htdocs...', 152, Array)
#1 C:\xampp\htdocs\B4die\system\View\View.php(210): include('C:\\xampp\\htdocs...')
#2 C:\xampp\htdocs\B4die\system\View\View.php(213): CodeIgniter\View\View->CodeIgniter\View\{closure}()
#3 C:\xampp\htdocs\B4die\system\Common.php(1089): CodeIgniter\View\View->render('experiencia', Array, true)
#4 C:\xampp\htdocs\B4die\app\Controllers\Index.php(70): view('experiencia', Array)
#5 C:\xampp\htdocs\B4die\system\CodeIgniter.php(832): App\Controllers\Index->experiencia()
#6 C:\xampp\htdocs\B4die\system\CodeIgniter.php(419): CodeIgniter\CodeIgniter->runController(Object(App\Controllers\Index))
#7 C:\xampp\htdocs\B4die\system\CodeIgniter.php(326): CodeIgniter\CodeIgniter->handleRequest(NULL, Object(Config\Cache), false)
#8 C:\xampp\htdocs\B4die\public\index.php(37): CodeIgniter\CodeIgniter->run()
#9 {main}
