ERROR - 2022-06-08 08:37:04 --> Error connecting to the database: Unknown database 'b4die'
CRITICAL - 2022-06-08 08:37:04 --> Unable to connect to the database.
Main connection [MySQLi]: Unknown database 'b4die'
#0 C:\xampp\htdocs\B4die\system\Database\BaseConnection.php(577): CodeIgniter\Database\BaseConnection->initialize()
#1 C:\xampp\htdocs\B4die\app\Controllers\Index.php(21): CodeIgniter\Database\BaseConnection->query('SELECT * FROM u...')
#2 C:\xampp\htdocs\B4die\system\CodeIgniter.php(832): App\Controllers\Index->index()
#3 C:\xampp\htdocs\B4die\system\CodeIgniter.php(419): CodeIgniter\CodeIgniter->runController(Object(App\Controllers\Index))
#4 C:\xampp\htdocs\B4die\system\CodeIgniter.php(326): CodeIgniter\CodeIgniter->handleRequest(NULL, Object(Config\Cache), false)
#5 C:\xampp\htdocs\B4die\public\index.php(37): CodeIgniter\CodeIgniter->run()
#6 {main}
CRITICAL - 2022-06-08 08:50:13 --> Undefined offset: 0
#0 C:\xampp\htdocs\B4die\app\Views\ranking.php(151): CodeIgniter\Debug\Exceptions->errorHandler(8, 'Undefined offse...', 'C:\\xampp\\htdocs...', 151, Array)
#1 C:\xampp\htdocs\B4die\system\View\View.php(210): include('C:\\xampp\\htdocs...')
#2 C:\xampp\htdocs\B4die\system\View\View.php(213): CodeIgniter\View\View->CodeIgniter\View\{closure}()
#3 C:\xampp\htdocs\B4die\system\Common.php(1089): CodeIgniter\View\View->render('ranking', Array, true)
#4 C:\xampp\htdocs\B4die\app\Controllers\Index.php(38): view('ranking', Array)
#5 C:\xampp\htdocs\B4die\system\CodeIgniter.php(832): App\Controllers\Index->ranking()
#6 C:\xampp\htdocs\B4die\system\CodeIgniter.php(419): CodeIgniter\CodeIgniter->runController(Object(App\Controllers\Index))
#7 C:\xampp\htdocs\B4die\system\CodeIgniter.php(326): CodeIgniter\CodeIgniter->handleRequest(NULL, Object(Config\Cache), false)
#8 C:\xampp\htdocs\B4die\public\index.php(37): CodeIgniter\CodeIgniter->run()
#9 {main}
ERROR - 2022-06-08 09:17:53 --> Unknown column 'id_categoria' in 'where clause'
CRITICAL - 2022-06-08 09:17:53 --> Unknown column 'id_categoria' in 'where clause'
#0 C:\xampp\htdocs\B4die\system\Database\MySQLi\Connection.php(292): mysqli->query('SELECT *\nFROM `...', 0)
#1 C:\xampp\htdocs\B4die\system\Database\BaseConnection.php(670): CodeIgniter\Database\MySQLi\Connection->execute('SELECT *\nFROM `...')
#2 C:\xampp\htdocs\B4die\system\Database\BaseConnection.php(598): CodeIgniter\Database\BaseConnection->simpleQuery('SELECT *\nFROM `...')
#3 C:\xampp\htdocs\B4die\system\Database\BaseBuilder.php(1455): CodeIgniter\Database\BaseConnection->query('SELECT *\nFROM `...', Array, false)
#4 C:\xampp\htdocs\B4die\system\Model.php(183): CodeIgniter\Database\BaseBuilder->get()
#5 C:\xampp\htdocs\B4die\system\BaseModel.php(584): CodeIgniter\Model->doFindAll(0, 0)
#6 C:\xampp\htdocs\B4die\app\Controllers\Index.php(52): CodeIgniter\BaseModel->findAll()
#7 C:\xampp\htdocs\B4die\system\CodeIgniter.php(832): App\Controllers\Index->perfil()
#8 C:\xampp\htdocs\B4die\system\CodeIgniter.php(419): CodeIgniter\CodeIgniter->runController(Object(App\Controllers\Index))
#9 C:\xampp\htdocs\B4die\system\CodeIgniter.php(326): CodeIgniter\CodeIgniter->handleRequest(NULL, Object(Config\Cache), false)
#10 C:\xampp\htdocs\B4die\public\index.php(37): CodeIgniter\CodeIgniter->run()
#11 {main}
ERROR - 2022-06-08 09:18:02 --> Unknown column 'id_categoria' in 'where clause'
CRITICAL - 2022-06-08 09:18:02 --> Unknown column 'id_categoria' in 'where clause'
#0 C:\xampp\htdocs\B4die\system\Database\MySQLi\Connection.php(292): mysqli->query('SELECT *\nFROM `...', 0)
#1 C:\xampp\htdocs\B4die\system\Database\BaseConnection.php(670): CodeIgniter\Database\MySQLi\Connection->execute('SELECT *\nFROM `...')
#2 C:\xampp\htdocs\B4die\system\Database\BaseConnection.php(598): CodeIgniter\Database\BaseConnection->simpleQuery('SELECT *\nFROM `...')
#3 C:\xampp\htdocs\B4die\system\Database\BaseBuilder.php(1455): CodeIgniter\Database\BaseConnection->query('SELECT *\nFROM `...', Array, false)
#4 C:\xampp\htdocs\B4die\system\Model.php(183): CodeIgniter\Database\BaseBuilder->get()
#5 C:\xampp\htdocs\B4die\system\BaseModel.php(584): CodeIgniter\Model->doFindAll(0, 0)
#6 C:\xampp\htdocs\B4die\app\Controllers\Index.php(52): CodeIgniter\BaseModel->findAll()
#7 C:\xampp\htdocs\B4die\system\CodeIgniter.php(832): App\Controllers\Index->perfil()
#8 C:\xampp\htdocs\B4die\system\CodeIgniter.php(419): CodeIgniter\CodeIgniter->runController(Object(App\Controllers\Index))
#9 C:\xampp\htdocs\B4die\system\CodeIgniter.php(326): CodeIgniter\CodeIgniter->handleRequest(NULL, Object(Config\Cache), false)
#10 C:\xampp\htdocs\B4die\public\index.php(37): CodeIgniter\CodeIgniter->run()
#11 {main}
CRITICAL - 2022-06-08 09:51:44 --> Undefined index: tipo_img
#0 C:\xampp\htdocs\B4die\app\Views\experiencia.php(152): CodeIgniter\Debug\Exceptions->errorHandler(8, 'Undefined index...', 'C:\\xampp\\htdocs...', 152, Array)
#1 C:\xampp\htdocs\B4die\system\View\View.php(210): include('C:\\xampp\\htdocs...')
#2 C:\xampp\htdocs\B4die\system\View\View.php(213): CodeIgniter\View\View->CodeIgniter\View\{closure}()
#3 C:\xampp\htdocs\B4die\system\Common.php(1089): CodeIgniter\View\View->render('experiencia', Array, true)
#4 C:\xampp\htdocs\B4die\app\Controllers\Index.php(79): view('experiencia', Array)
#5 C:\xampp\htdocs\B4die\system\CodeIgniter.php(832): App\Controllers\Index->experiencia()
#6 C:\xampp\htdocs\B4die\system\CodeIgniter.php(419): CodeIgniter\CodeIgniter->runController(Object(App\Controllers\Index))
#7 C:\xampp\htdocs\B4die\system\CodeIgniter.php(326): CodeIgniter\CodeIgniter->handleRequest(NULL, Object(Config\Cache), false)
#8 C:\xampp\htdocs\B4die\public\index.php(37): CodeIgniter\CodeIgniter->run()
#9 {main}
ERROR - 2022-06-08 10:51:41 --> Unknown column 'id_categoria' in 'where clause'
CRITICAL - 2022-06-08 10:51:41 --> Unknown column 'id_categoria' in 'where clause'
#0 C:\xampp\htdocs\B4die\system\Database\MySQLi\Connection.php(292): mysqli->query('SELECT *\nFROM `...', 0)
#1 C:\xampp\htdocs\B4die\system\Database\BaseConnection.php(670): CodeIgniter\Database\MySQLi\Connection->execute('SELECT *\nFROM `...')
#2 C:\xampp\htdocs\B4die\system\Database\BaseConnection.php(598): CodeIgniter\Database\BaseConnection->simpleQuery('SELECT *\nFROM `...')
#3 C:\xampp\htdocs\B4die\system\Database\BaseBuilder.php(1455): CodeIgniter\Database\BaseConnection->query('SELECT *\nFROM `...', Array, false)
#4 C:\xampp\htdocs\B4die\system\Model.php(183): CodeIgniter\Database\BaseBuilder->get()
#5 C:\xampp\htdocs\B4die\system\BaseModel.php(584): CodeIgniter\Model->doFindAll(0, 0)
#6 C:\xampp\htdocs\B4die\app\Controllers\Index.php(52): CodeIgniter\BaseModel->findAll()
#7 C:\xampp\htdocs\B4die\system\CodeIgniter.php(832): App\Controllers\Index->perfil()
#8 C:\xampp\htdocs\B4die\system\CodeIgniter.php(419): CodeIgniter\CodeIgniter->runController(Object(App\Controllers\Index))
#9 C:\xampp\htdocs\B4die\system\CodeIgniter.php(326): CodeIgniter\CodeIgniter->handleRequest(NULL, Object(Config\Cache), false)
#10 C:\xampp\htdocs\B4die\public\index.php(37): CodeIgniter\CodeIgniter->run()
#11 {main}
CRITICAL - 2022-06-08 11:23:30 --> Undefined variable: session
#0 C:\xampp\htdocs\B4die\app\Controllers\Index.php(86): CodeIgniter\Debug\Exceptions->errorHandler(8, 'Undefined varia...', 'C:\\xampp\\htdocs...', 86, Array)
#1 C:\xampp\htdocs\B4die\system\CodeIgniter.php(832): App\Controllers\Index->login()
#2 C:\xampp\htdocs\B4die\system\CodeIgniter.php(419): CodeIgniter\CodeIgniter->runController(Object(App\Controllers\Index))
#3 C:\xampp\htdocs\B4die\system\CodeIgniter.php(326): CodeIgniter\CodeIgniter->handleRequest(NULL, Object(Config\Cache), false)
#4 C:\xampp\htdocs\B4die\public\index.php(37): CodeIgniter\CodeIgniter->run()
#5 {main}
