CRITICAL - 2022-06-02 00:13:27 --> Undefined variable: aereo
#0 C:\xampp\htdocs\B4die\app\Views\admin.php(60): CodeIgniter\Debug\Exceptions->errorHandler(8, 'Undefined varia...', 'C:\\xampp\\htdocs...', 60, Array)
#1 C:\xampp\htdocs\B4die\system\View\View.php(210): include('C:\\xampp\\htdocs...')
#2 C:\xampp\htdocs\B4die\system\View\View.php(213): CodeIgniter\View\View->CodeIgniter\View\{closure}()
#3 C:\xampp\htdocs\B4die\system\Common.php(1089): CodeIgniter\View\View->render('admin', Array, true)
#4 C:\xampp\htdocs\B4die\app\Controllers\Admin.php(33): view('admin', Array)
#5 C:\xampp\htdocs\B4die\system\CodeIgniter.php(832): App\Controllers\Admin->index()
#6 C:\xampp\htdocs\B4die\system\CodeIgniter.php(419): CodeIgniter\CodeIgniter->runController(Object(App\Controllers\Admin))
#7 C:\xampp\htdocs\B4die\system\CodeIgniter.php(326): CodeIgniter\CodeIgniter->handleRequest(NULL, Object(Config\Cache), false)
#8 C:\xampp\htdocs\B4die\public\index.php(37): CodeIgniter\CodeIgniter->run()
#9 {main}
CRITICAL - 2022-06-02 00:16:10 --> Undefined variable: aereo
#0 C:\xampp\htdocs\B4die\app\Views\perfil.php(60): CodeIgniter\Debug\Exceptions->errorHandler(8, 'Undefined varia...', 'C:\\xampp\\htdocs...', 60, Array)
#1 C:\xampp\htdocs\B4die\system\View\View.php(210): include('C:\\xampp\\htdocs...')
#2 C:\xampp\htdocs\B4die\system\View\View.php(213): CodeIgniter\View\View->CodeIgniter\View\{closure}()
#3 C:\xampp\htdocs\B4die\system\Common.php(1089): CodeIgniter\View\View->render('perfil', Array, true)
#4 C:\xampp\htdocs\B4die\app\Controllers\Index.php(52): view('perfil', Array)
#5 C:\xampp\htdocs\B4die\system\CodeIgniter.php(832): App\Controllers\Index->perfil()
#6 C:\xampp\htdocs\B4die\system\CodeIgniter.php(419): CodeIgniter\CodeIgniter->runController(Object(App\Controllers\Index))
#7 C:\xampp\htdocs\B4die\system\CodeIgniter.php(326): CodeIgniter\CodeIgniter->handleRequest(NULL, Object(Config\Cache), false)
#8 C:\xampp\htdocs\B4die\public\index.php(37): CodeIgniter\CodeIgniter->run()
#9 {main}
ERROR - 2022-06-02 00:18:02 --> Unknown column 'id_categoria' in 'where clause'
CRITICAL - 2022-06-02 00:18:02 --> Unknown column 'id_categoria' in 'where clause'
#0 C:\xampp\htdocs\B4die\system\Database\MySQLi\Connection.php(292): mysqli->query('SELECT *\nFROM `...', 0)
#1 C:\xampp\htdocs\B4die\system\Database\BaseConnection.php(670): CodeIgniter\Database\MySQLi\Connection->execute('SELECT *\nFROM `...')
#2 C:\xampp\htdocs\B4die\system\Database\BaseConnection.php(598): CodeIgniter\Database\BaseConnection->simpleQuery('SELECT *\nFROM `...')
#3 C:\xampp\htdocs\B4die\system\Database\BaseBuilder.php(1455): CodeIgniter\Database\BaseConnection->query('SELECT *\nFROM `...', Array, false)
#4 C:\xampp\htdocs\B4die\system\Model.php(183): CodeIgniter\Database\BaseBuilder->get()
#5 C:\xampp\htdocs\B4die\system\BaseModel.php(584): CodeIgniter\Model->doFindAll(0, 0)
#6 C:\xampp\htdocs\B4die\app\Controllers\Index.php(51): CodeIgniter\BaseModel->findAll()
#7 C:\xampp\htdocs\B4die\system\CodeIgniter.php(832): App\Controllers\Index->perfil()
#8 C:\xampp\htdocs\B4die\system\CodeIgniter.php(419): CodeIgniter\CodeIgniter->runController(Object(App\Controllers\Index))
#9 C:\xampp\htdocs\B4die\system\CodeIgniter.php(326): CodeIgniter\CodeIgniter->handleRequest(NULL, Object(Config\Cache), false)
#10 C:\xampp\htdocs\B4die\public\index.php(37): CodeIgniter\CodeIgniter->run()
#11 {main}
ERROR - 2022-06-02 00:18:37 --> Unknown column 'id_categoria' in 'where clause'
CRITICAL - 2022-06-02 00:18:37 --> Unknown column 'id_categoria' in 'where clause'
#0 C:\xampp\htdocs\B4die\system\Database\MySQLi\Connection.php(292): mysqli->query('SELECT *\nFROM `...', 0)
#1 C:\xampp\htdocs\B4die\system\Database\BaseConnection.php(670): CodeIgniter\Database\MySQLi\Connection->execute('SELECT *\nFROM `...')
#2 C:\xampp\htdocs\B4die\system\Database\BaseConnection.php(598): CodeIgniter\Database\BaseConnection->simpleQuery('SELECT *\nFROM `...')
#3 C:\xampp\htdocs\B4die\system\Database\BaseBuilder.php(1455): CodeIgniter\Database\BaseConnection->query('SELECT *\nFROM `...', Array, false)
#4 C:\xampp\htdocs\B4die\system\Model.php(183): CodeIgniter\Database\BaseBuilder->get()
#5 C:\xampp\htdocs\B4die\system\BaseModel.php(584): CodeIgniter\Model->doFindAll(0, 0)
#6 C:\xampp\htdocs\B4die\app\Controllers\Index.php(50): CodeIgniter\BaseModel->findAll()
#7 C:\xampp\htdocs\B4die\system\CodeIgniter.php(832): App\Controllers\Index->perfil()
#8 C:\xampp\htdocs\B4die\system\CodeIgniter.php(419): CodeIgniter\CodeIgniter->runController(Object(App\Controllers\Index))
#9 C:\xampp\htdocs\B4die\system\CodeIgniter.php(326): CodeIgniter\CodeIgniter->handleRequest(NULL, Object(Config\Cache), false)
#10 C:\xampp\htdocs\B4die\public\index.php(37): CodeIgniter\CodeIgniter->run()
#11 {main}
